2016-11-14 21:35:01,439 - Starting SampleMybatisApplication on zhs with PID 7272 (E:\other\springboot-sample\target\classes started by zhenghuasheng in E:\other\springboot-sample)
2016-11-14 21:35:01,448 - The following profiles are active: dev
2016-11-14 21:35:01,675 - Refreshing org.springframework.boot.context.embedded.AnnotationConfigEmbeddedWebApplicationContext@3dd0b6f: startup date [Mon Nov 14 21:35:01 CST 2016]; root of context hierarchy
2016-11-14 21:35:02,045 - HV000001: Hibernate Validator 5.2.4.Final
2016-11-14 21:35:05,155 - Loading XML bean definitions from class path resource [spring-dubbo.xml]
2016-11-14 21:35:05,781 - using logger: com.alibaba.dubbo.common.logger.log4j.Log4jLoggerAdapter
2016-11-14 21:35:08,121 - Bean 'userServer' of type [class com.alibaba.dubbo.config.spring.ReferenceBean] is not eligible for getting processed by all BeanPostProcessors (for example: not eligible for auto-proxying)
2016-11-14 21:35:08,206 - Bean 'authServer' of type [class com.alibaba.dubbo.config.spring.ReferenceBean] is not eligible for getting processed by all BeanPostProcessors (for example: not eligible for auto-proxying)
2016-11-14 21:35:08,289 - Bean 'userMoneyServer' of type [class com.alibaba.dubbo.config.spring.ReferenceBean] is not eligible for getting processed by all BeanPostProcessors (for example: not eligible for auto-proxying)
2016-11-14 21:35:08,376 - Bean 'userIntegrateServer' of type [class com.alibaba.dubbo.config.spring.ReferenceBean] is not eligible for getting processed by all BeanPostProcessors (for example: not eligible for auto-proxying)
2016-11-14 21:35:08,463 - Bean 'taskServer' of type [class com.alibaba.dubbo.config.spring.ReferenceBean] is not eligible for getting processed by all BeanPostProcessors (for example: not eligible for auto-proxying)
2016-11-14 21:35:08,872 - Bean 'mybatis.CONFIGURATION_PROPERTIES' of type [class org.mybatis.spring.boot.autoconfigure.MybatisProperties] is not eligible for getting processed by all BeanPostProcessors (for example: not eligible for auto-proxying)
2016-11-14 21:35:08,882 - Bean 'org.mybatis.spring.boot.autoconfigure.MybatisAutoConfiguration' of type [class org.mybatis.spring.boot.autoconfigure.MybatisAutoConfiguration$$EnhancerBySpringCGLIB$$ac086d6] is not eligible for getting processed by all BeanPostProcessors (for example: not eligible for auto-proxying)
2016-11-14 21:35:09,218 - Bean 'spring.datasource.CONFIGURATION_PROPERTIES' of type [class org.springframework.boot.autoconfigure.jdbc.DataSourceProperties] is not eligible for getting processed by all BeanPostProcessors (for example: not eligible for auto-proxying)
2016-11-14 21:35:09,220 - Bean 'org.springframework.boot.autoconfigure.jdbc.DataSourceAutoConfiguration$NonEmbeddedConfiguration' of type [class org.springframework.boot.autoconfigure.jdbc.DataSourceAutoConfiguration$NonEmbeddedConfiguration] is not eligible for getting processed by all BeanPostProcessors (for example: not eligible for auto-proxying)
2016-11-14 21:35:11,666 - Bean 'dataSource' of type [class org.apache.tomcat.jdbc.pool.DataSource] is not eligible for getting processed by all BeanPostProcessors (for example: not eligible for auto-proxying)
2016-11-14 21:35:12,391 - Bean 'sqlSessionFactory' of type [class org.apache.ibatis.session.defaults.DefaultSqlSessionFactory] is not eligible for getting processed by all BeanPostProcessors (for example: not eligible for auto-proxying)
2016-11-14 21:35:12,429 - Bean 'sqlSessionTemplate' of type [class org.mybatis.spring.SqlSessionTemplate] is not eligible for getting processed by all BeanPostProcessors (for example: not eligible for auto-proxying)
2016-11-14 21:35:12,432 - Bean 'consumerMapper' of type [class org.mybatis.spring.mapper.MapperFactoryBean] is not eligible for getting processed by all BeanPostProcessors (for example: not eligible for auto-proxying)
2016-11-14 21:35:12,555 - Bean 'org.springframework.transaction.annotation.ProxyTransactionManagementConfiguration' of type [class org.springframework.transaction.annotation.ProxyTransactionManagementConfiguration$$EnhancerBySpringCGLIB$$d7ec35a6] is not eligible for getting processed by all BeanPostProcessors (for example: not eligible for auto-proxying)
2016-11-14 21:35:13,920 - Server initialized with port: 8089
2016-11-14 21:35:13,933 - jetty-9.2.17.v20160517
2016-11-14 21:35:14,250 - Initializing Spring embedded WebApplicationContext
2016-11-14 21:35:14,251 - Root WebApplicationContext: initialization completed in 12585 ms
2016-11-14 21:35:16,024 - Mapping servlet: 'dispatcherServlet' to [/]
2016-11-14 21:35:16,034 - Mapping filter: 'characterEncodingFilter' to: [/*]
2016-11-14 21:35:16,035 - Mapping filter: 'hiddenHttpMethodFilter' to: [/*]
2016-11-14 21:35:16,037 - Mapping filter: 'httpPutFormContentFilter' to: [/*]
2016-11-14 21:35:16,038 - Mapping filter: 'requestContextFilter' to: [/*]
2016-11-14 21:35:16,950 - Started o.s.b.c.e.j.JettyEmbeddedWebAppContext@60a68488{/,file:/C:/Users/zhenghuasheng/AppData/Local/Temp/jetty-docbase.5378327991032898349.8089/,AVAILABLE}
2016-11-14 21:35:16,951 - Started @18906ms
2016-11-14 21:35:18,131 - Looking for @ControllerAdvice: org.springframework.boot.context.embedded.AnnotationConfigEmbeddedWebApplicationContext@3dd0b6f: startup date [Mon Nov 14 21:35:01 CST 2016]; root of context hierarchy
2016-11-14 21:35:18,392 - Mapped "{[/hello]}" onto public com.sample.model.Consumer com.sample.controller.ConsumerController.greeting(java.lang.String)
2016-11-14 21:35:18,394 - Mapped "{[/login]}" onto public java.lang.String com.sample.controller.ConsumerController.login()
2016-11-14 21:35:18,410 - Mapped "{[/error]}" onto public org.springframework.http.ResponseEntity<java.util.Map<java.lang.String, java.lang.Object>> org.springframework.boot.autoconfigure.web.BasicErrorController.error(javax.servlet.http.HttpServletRequest)
2016-11-14 21:35:18,411 - Mapped "{[/error],produces=[text/html]}" onto public org.springframework.web.servlet.ModelAndView org.springframework.boot.autoconfigure.web.BasicErrorController.errorHtml(javax.servlet.http.HttpServletRequest,javax.servlet.http.HttpServletResponse)
2016-11-14 21:35:18,433 - Adding welcome page: class path resource [static/index.html]
2016-11-14 21:35:18,479 - Root mapping to handler of type [class org.springframework.web.servlet.mvc.ParameterizableViewController]
2016-11-14 21:35:18,529 - Mapped URL path [/webjars/**] onto handler of type [class org.springframework.web.servlet.resource.ResourceHttpRequestHandler]
2016-11-14 21:35:18,529 - Mapped URL path [/**] onto handler of type [class org.springframework.web.servlet.resource.ResourceHttpRequestHandler]
2016-11-14 21:35:18,695 - Mapped URL path [/**/favicon.ico] onto handler of type [class org.springframework.web.servlet.resource.ResourceHttpRequestHandler]
2016-11-14 21:35:20,233 - Registering beans for JMX exposure on startup
2016-11-14 21:35:20,297 - Initializing Spring FrameworkServlet 'dispatcherServlet'
2016-11-14 21:35:20,298 - FrameworkServlet 'dispatcherServlet': initialization started
2016-11-14 21:35:20,346 - FrameworkServlet 'dispatcherServlet': initialization completed in 47 ms
2016-11-14 21:35:20,414 - Started ServerConnector@6e125809{HTTP/1.1}{0.0.0.0:8089}
2016-11-14 21:35:20,426 - Jetty started on port(s) 8089 (http/1.1)
2016-11-14 21:35:20,446 - Started SampleMybatisApplication in 21.235 seconds (JVM running for 22.402)
2016-11-14 21:35:20,446 - ============= SpringBoot Start Success =============
2016-11-14 21:36:30,913 - using logger: com.alibaba.dubbo.common.logger.log4j.Log4jLoggerAdapter
2016-11-14 21:36:46,088 - ============= SpringBoot Start Success =============
