2016-11-26 21:22:55,915 - using logger: com.alibaba.dubbo.common.logger.log4j.Log4jLoggerAdapter
2016-11-26 21:22:57,373 -  [DUBBO] package com.alibaba.dubbo.rpc;
import com.alibaba.dubbo.common.extension.ExtensionLoader;
public class Protocol$Adpative implements com.alibaba.dubbo.rpc.Protocol {
public void destroy() {throw new UnsupportedOperationException("method public abstract void com.alibaba.dubbo.rpc.Protocol.destroy() of interface com.alibaba.dubbo.rpc.Protocol is not adaptive method!");
}
public int getDefaultPort() {throw new UnsupportedOperationException("method public abstract int com.alibaba.dubbo.rpc.Protocol.getDefaultPort() of interface com.alibaba.dubbo.rpc.Protocol is not adaptive method!");
}
public com.alibaba.dubbo.rpc.Exporter export(com.alibaba.dubbo.rpc.Invoker arg0) throws com.alibaba.dubbo.rpc.Invoker {
if (arg0 == null) throw new IllegalArgumentException("com.alibaba.dubbo.rpc.Invoker argument == null");
if (arg0.getUrl() == null) throw new IllegalArgumentException("com.alibaba.dubbo.rpc.Invoker argument getUrl() == null");com.alibaba.dubbo.common.URL url = arg0.getUrl();
String extName = ( url.getProtocol() == null ? "dubbo" : url.getProtocol() );
if(extName == null) throw new IllegalStateException("Fail to get extension(com.alibaba.dubbo.rpc.Protocol) name from url(" + url.toString() + ") use keys([protocol])");
com.alibaba.dubbo.rpc.Protocol extension = (com.alibaba.dubbo.rpc.Protocol)ExtensionLoader.getExtensionLoader(com.alibaba.dubbo.rpc.Protocol.class).getExtension(extName);
return extension.export(arg0);
}
public com.alibaba.dubbo.rpc.Invoker refer(java.lang.Class arg0, com.alibaba.dubbo.common.URL arg1) throws java.lang.Class {
if (arg1 == null) throw new IllegalArgumentException("url == null");
com.alibaba.dubbo.common.URL url = arg1;
String extName = ( url.getProtocol() == null ? "dubbo" : url.getProtocol() );
if(extName == null) throw new IllegalStateException("Fail to get extension(com.alibaba.dubbo.rpc.Protocol) name from url(" + url.toString() + ") use keys([protocol])");
com.alibaba.dubbo.rpc.Protocol extension = (com.alibaba.dubbo.rpc.Protocol)ExtensionLoader.getExtensionLoader(com.alibaba.dubbo.rpc.Protocol.class).getExtension(extName);
return extension.refer(arg0, arg1);
}
}, dubbo version: 2.5.3, current host: 127.0.0.1
2016-11-26 21:22:57,806 -  [DUBBO] package com.alibaba.dubbo.rpc.cluster;
import com.alibaba.dubbo.common.extension.ExtensionLoader;
public class Cluster$Adpative implements com.alibaba.dubbo.rpc.cluster.Cluster {
public com.alibaba.dubbo.rpc.Invoker join(com.alibaba.dubbo.rpc.cluster.Directory arg0) throws com.alibaba.dubbo.rpc.cluster.Directory {
if (arg0 == null) throw new IllegalArgumentException("com.alibaba.dubbo.rpc.cluster.Directory argument == null");
if (arg0.getUrl() == null) throw new IllegalArgumentException("com.alibaba.dubbo.rpc.cluster.Directory argument getUrl() == null");com.alibaba.dubbo.common.URL url = arg0.getUrl();
String extName = url.getParameter("cluster", "failover");
if(extName == null) throw new IllegalStateException("Fail to get extension(com.alibaba.dubbo.rpc.cluster.Cluster) name from url(" + url.toString() + ") use keys([cluster])");
com.alibaba.dubbo.rpc.cluster.Cluster extension = (com.alibaba.dubbo.rpc.cluster.Cluster)ExtensionLoader.getExtensionLoader(com.alibaba.dubbo.rpc.cluster.Cluster.class).getExtension(extName);
return extension.join(arg0);
}
}, dubbo version: 2.5.3, current host: 127.0.0.1
2016-11-26 21:22:57,850 -  [DUBBO] package com.alibaba.dubbo.rpc;
import com.alibaba.dubbo.common.extension.ExtensionLoader;
public class ProxyFactory$Adpative implements com.alibaba.dubbo.rpc.ProxyFactory {
public java.lang.Object getProxy(com.alibaba.dubbo.rpc.Invoker arg0) throws com.alibaba.dubbo.rpc.Invoker {
if (arg0 == null) throw new IllegalArgumentException("com.alibaba.dubbo.rpc.Invoker argument == null");
if (arg0.getUrl() == null) throw new IllegalArgumentException("com.alibaba.dubbo.rpc.Invoker argument getUrl() == null");com.alibaba.dubbo.common.URL url = arg0.getUrl();
String extName = url.getParameter("proxy", "javassist");
if(extName == null) throw new IllegalStateException("Fail to get extension(com.alibaba.dubbo.rpc.ProxyFactory) name from url(" + url.toString() + ") use keys([proxy])");
com.alibaba.dubbo.rpc.ProxyFactory extension = (com.alibaba.dubbo.rpc.ProxyFactory)ExtensionLoader.getExtensionLoader(com.alibaba.dubbo.rpc.ProxyFactory.class).getExtension(extName);
return extension.getProxy(arg0);
}
public com.alibaba.dubbo.rpc.Invoker getInvoker(java.lang.Object arg0, java.lang.Class arg1, com.alibaba.dubbo.common.URL arg2) throws java.lang.Object {
if (arg2 == null) throw new IllegalArgumentException("url == null");
com.alibaba.dubbo.common.URL url = arg2;
String extName = url.getParameter("proxy", "javassist");
if(extName == null) throw new IllegalStateException("Fail to get extension(com.alibaba.dubbo.rpc.ProxyFactory) name from url(" + url.toString() + ") use keys([proxy])");
com.alibaba.dubbo.rpc.ProxyFactory extension = (com.alibaba.dubbo.rpc.ProxyFactory)ExtensionLoader.getExtensionLoader(com.alibaba.dubbo.rpc.ProxyFactory.class).getExtension(extName);
return extension.getInvoker(arg0, arg1, arg2);
}
}, dubbo version: 2.5.3, current host: 127.0.0.1
2016-11-26 21:23:02,892 -  [DUBBO] only 1 dubbo.properties file is expected, but 2 dubbo.properties files found on class path: [jar:file:/E:/other/springboot-sample/out/artifacts/bin/springboot-sample.jar!/dubbo.properties, jar:file:/E:/other/springboot-sample/out/artifacts/springboot_sample_jar/springboot-sample.jar!/dubbo.properties], dubbo version: 2.5.3, current host: 127.0.0.1
2016-11-26 21:23:03,592 - Creating new ZookKeeper instance to connect to zookeeper.com:2181.
2016-11-26 21:23:03,592 - Starting ZkClient event thread.
2016-11-26 21:23:03,610 - Client environment:zookeeper.version=3.3.3-1073969, built on 02/23/2011 22:27 GMT
2016-11-26 21:23:03,611 - Client environment:host.name=zhs.mshome.net
2016-11-26 21:23:03,612 - Client environment:java.version=1.8.0_111
2016-11-26 21:23:03,613 - Client environment:java.vendor=Oracle Corporation
2016-11-26 21:23:03,614 - Client environment:java.home=C:\Program Files\Java\jre1.8.0_111
2016-11-26 21:23:03,615 - Client environment:java.class.path=bin/springboot-sample.jar;springboot_sample_jar/aopalliance-1.0.jar;springboot_sample_jar/classmate-1.1.0.jar;springboot_sample_jar/commons-pool2-2.4.2.jar;springboot_sample_jar/dubbo-2.5.3.jar;springboot_sample_jar/h2-1.4.192.jar;springboot_sample_jar/hamcrest-core-1.3.jar;springboot_sample_jar/hibernate-validator-5.2.4.Final.jar;springboot_sample_jar/jackson-annotations-2.6.7.jar;springboot_sample_jar/jackson-core-2.6.7.jar;springboot_sample_jar/jackson-databind-2.6.7.jar;springboot_sample_jar/javassist-3.18.1-GA.jar;springboot_sample_jar/jboss-logging-3.3.0.Final.jar;springboot_sample_jar/jcl-over-slf4j-1.7.21.jar;springboot_sample_jar/jedis-2.8.0.jar;springboot_sample_jar/jline-0.9.94.jar;springboot_sample_jar/jul-to-slf4j-1.7.21.jar;springboot_sample_jar/junit-4.12.jar;springboot_sample_jar/log4j-1.2.17.jar;springboot_sample_jar/log4j-over-slf4j-1.7.21.jar;springboot_sample_jar/logback-classic-1.1.7.jar;springboot_sample_jar/logback-core-1.1.7.jar;springboot_sample_jar/mybatis-3.3.0.jar;springboot_sample_jar/mybatis-spring-1.2.3.jar;springboot_sample_jar/mybatis-spring-boot-autoconfigure-1.0.0.jar;springboot_sample_jar/mybatis-spring-boot-starter-1.0.0.jar;springboot_sample_jar/mysql-connector-java-5.1.39.jar;springboot_sample_jar/netty-3.2.5.Final.jar;springboot_sample_jar/slf4j-api-1.7.12.jar;springboot_sample_jar/slf4j-api-1.7.21.jar;springboot_sample_jar/slf4j-log4j12-1.7.12.jar;springboot_sample_jar/snakeyaml-1.16.jar;springboot_sample_jar/spring-aop-4.2.7.RELEASE.jar;springboot_sample_jar/spring-beans-4.2.7.RELEASE.jar;springboot_sample_jar/spring-boot-1.3.6.RELEASE.jar;springboot_sample_jar/spring-boot-autoconfigure-1.3.6.RELEASE.jar;springboot_sample_jar/spring-boot-starter-1.3.6.RELEASE.jar;springboot_sample_jar/spring-boot-starter-jdbc-1.3.6.RELEASE.jar;springboot_sample_jar/spring-boot-starter-logging-1.3.6.RELEASE.jar;springboot_sample_jar/spring-boot-starter-tomcat-1.3.6.RELEASE.jar;springboot_sample_jar/spring-boot-starter-validation-1.3.6.RELEASE.jar;springboot_sample_jar/spring-boot-starter-web-1.3.6.RELEASE.jar;springboot_sample_jar/spring-context-4.2.7.RELEASE.jar;springboot_sample_jar/spring-context-support-4.2.7.RELEASE.jar;springboot_sample_jar/spring-core-4.2.7.RELEASE.jar;springboot_sample_jar/spring-data-commons-1.11.4.RELEASE.jar;springboot_sample_jar/spring-data-keyvalue-1.0.4.RELEASE.jar;springboot_sample_jar/spring-data-redis-1.7.2.RELEASE.jar;springboot_sample_jar/spring-expression-4.2.7.RELEASE.jar;springboot_sample_jar/spring-jdbc-4.2.7.RELEASE.jar;springboot_sample_jar/spring-oxm-4.2.7.RELEASE.jar;springboot_sample_jar/spring-tx-4.2.7.RELEASE.jar;springboot_sample_jar/spring-web-4.2.7.RELEASE.jar;springboot_sample_jar/spring-webmvc-4.2.7.RELEASE.jar;springboot_sample_jar/springboot-sample.jar;springboot_sample_jar/tomcat-embed-core-8.0.36.jar;springboot_sample_jar/tomcat-embed-el-8.0.36.jar;springboot_sample_jar/tomcat-embed-logging-juli-8.0.36.jar;springboot_sample_jar/tomcat-embed-websocket-8.0.36.jar;springboot_sample_jar/tomcat-jdbc-8.0.36.jar;springboot_sample_jar/tomcat-juli-8.0.36.jar;springboot_sample_jar/validation-api-1.1.0.Final.jar;springboot_sample_jar/yt-utility.jar;springboot_sample_jar/yy-orderPlatform-data.jar;springboot_sample_jar/zkclient-0.1.jar;springboot_sample_jar/zookeeper-3.3.3.jar
2016-11-26 21:23:03,625 - Client environment:java.library.path=C:\ProgramData\Oracle\Java\javapath;C:\Windows\Sun\Java\bin;C:\Windows\system32;C:\Windows;C:\ProgramData\Oracle\Java\javapath;C:\Program Files (x86)\NVIDIA Corporation\PhysX\Common;C:\Program Files (x86)\Intel\iCLS Client\;C:\Program Files\Intel\iCLS Client\;C:\Windows\system32;C:\Windows;C:\Windows\System32\Wbem;C:\Windows\System32\WindowsPowerShell\v1.0\;C:\Program Files\Intel\Intel(R) Management Engine Components\DAL;C:\Program Files\Intel\Intel(R) Management Engine Components\IPT;C:\Program Files (x86)\Intel\Intel(R) Management Engine Components\DAL;C:\Program Files (x86)\Intel\Intel(R) Management Engine Components\IPT;C:\Program Files\Java\jdk1.8.0_111\bin;C:\Program Files\Java\jdk1.8.0_111\jre\bin;C:\Program Files\TortoiseSVN\bin;D:\tools\JavaTools\apache-maven-3.2.1\bin;C:\Program Files\TortoiseGit\bin;C:\Program Files\VanDyke Software\Clients\;C:\Program Files\nodejs\;C:\Users\zhenghuasheng\AppData\Roaming\npm;.
2016-11-26 21:23:03,628 - Client environment:java.io.tmpdir=C:\Users\ZHENGH~1\AppData\Local\Temp\
2016-11-26 21:23:03,629 - Client environment:java.compiler=<NA>
2016-11-26 21:23:03,630 - Client environment:os.name=Windows 8.1
2016-11-26 21:23:03,631 - Client environment:os.arch=amd64
2016-11-26 21:23:03,631 - Client environment:os.version=6.3
2016-11-26 21:23:03,632 - Client environment:user.name=zhenghuasheng
2016-11-26 21:23:03,633 - Client environment:user.home=C:\Users\zhenghuasheng
2016-11-26 21:23:03,633 - Client environment:user.dir=E:\other\springboot-sample\out\artifacts
2016-11-26 21:23:03,636 - Initiating client connection, connectString=zookeeper.com:2181 sessionTimeout=30000 watcher=org.I0Itec.zkclient.ZkClient@5eea5627
2016-11-26 21:23:03,641 - zookeeper.disableAutoWatchReset is false
2016-11-26 21:23:03,704 - Awaiting connection to Zookeeper server
2016-11-26 21:23:03,705 - Opening socket connection to server zookeeper.com/64.207.189.131:2181
2016-11-26 21:23:03,706 - Waiting for keeper state SyncConnected
2016-11-26 21:23:05,725 - Session 0x0 for server null, unexpected error, closing socket connection and attempting reconnect
java.net.ConnectException: Connection refused: no further information
	at sun.nio.ch.SocketChannelImpl.checkConnect(Native Method)
	at sun.nio.ch.SocketChannelImpl.finishConnect(Unknown Source)
	at org.apache.zookeeper.ClientCnxn$SendThread.run(ClientCnxn.java:1119)
2016-11-26 21:23:05,773 - Ignoring exception during shutdown input
java.nio.channels.ClosedChannelException
	at sun.nio.ch.SocketChannelImpl.shutdownInput(Unknown Source)
	at sun.nio.ch.SocketAdaptor.shutdownInput(Unknown Source)
	at org.apache.zookeeper.ClientCnxn$SendThread.cleanup(ClientCnxn.java:1205)
	at org.apache.zookeeper.ClientCnxn$SendThread.run(ClientCnxn.java:1170)
2016-11-26 21:23:05,775 - Ignoring exception during shutdown output
java.nio.channels.ClosedChannelException
	at sun.nio.ch.SocketChannelImpl.shutdownOutput(Unknown Source)
	at sun.nio.ch.SocketAdaptor.shutdownOutput(Unknown Source)
	at org.apache.zookeeper.ClientCnxn$SendThread.cleanup(ClientCnxn.java:1212)
	at org.apache.zookeeper.ClientCnxn$SendThread.run(ClientCnxn.java:1170)
2016-11-26 21:23:07,549 - Opening socket connection to server zookeeper.com/64.207.189.131:2181
